app/manifest-merger-release-report.txt
-- Merging decision tree log ---
manifest
ADDED from AndroidManifest.xml:17:1
	xmlns:android
		ADDED from AndroidManifest.xml:18:11
	package
		ADDED from AndroidManifest.xml:17:11
		INJECTED from AndroidManifest.xml:0:0
		INJECTED from AndroidManifest.xml:0:0
	android:versionName
		INJECTED from AndroidManifest.xml:0:0
		INJECTED from AndroidManifest.xml:0:0
	android:versionCode
		INJECTED from AndroidManifest.xml:0:0
		INJECTED from AndroidManifest.xml:0:0
uses-permission#android.permission.INTERNET
ADDED from AndroidManifest.xml:21:5
MERGED from com.google.android.gms:play-services-maps:7.5.0:21:5
	android:name
		ADDED from AndroidManifest.xml:21:22
uses-permission#android.permission.READ_SYNC_SETTINGS
ADDED from AndroidManifest.xml:24:5
	android:name
		ADDED from AndroidManifest.xml:24:22
uses-permission#android.permission.WRITE_SYNC_SETTINGS
ADDED from AndroidManifest.xml:25:5
	android:name
		ADDED from AndroidManifest.xml:25:22
uses-permission#android.permission.AUTHENTICATE_ACCOUNTS
ADDED from AndroidManifest.xml:26:5
	android:name
		ADDED from AndroidManifest.xml:26:22
uses-permission#android.permission.ACCESS_NETWORK_STATE
ADDED from AndroidManifest.xml:29:5
MERGED from com.google.android.gms:play-services-maps:7.5.0:20:5
	android:name
		ADDED from AndroidManifest.xml:29:22
uses-permission#com.google.android.c2dm.permission.RECEIVE
ADDED from AndroidManifest.xml:32:5
	android:name
		ADDED from AndroidManifest.xml:32:22
permission#io.github.kmenager.sunshine.app.permission.C2D_MESSAGE
ADDED from AndroidManifest.xml:33:5
	android:protectionLevel
		ADDED from AndroidManifest.xml:35:9
	android:name
		ADDED from AndroidManifest.xml:34:9
uses-permission#io.github.kmenager.sunshine.app.permission.C2D_MESSAGE
ADDED from AndroidManifest.xml:36:5
	android:name
		ADDED from AndroidManifest.xml:36:22
application
ADDED from AndroidManifest.xml:38:5
MERGED from com.android.support:appcompat-v7:22.2.0:22:5
MERGED from com.android.support:support-v4:22.2.0:22:5
MERGED from com.android.support:gridlayout-v7:22.2.0:22:5
MERGED from com.android.support:support-v4:22.2.0:22:5
MERGED from com.android.support:cardview-v7:22.2.0:22:5
MERGED from com.android.support:support-v4:22.2.0:22:5
MERGED from com.google.android.gms:play-services-gcm:7.5.0:19:5
MERGED from com.google.android.gms:play-services-base:7.5.0:20:5
MERGED from com.android.support:support-v4:22.2.0:22:5
MERGED from com.google.android.gms:play-services-location:7.5.0:19:5
MERGED from com.google.android.gms:play-services-base:7.5.0:20:5
MERGED from com.android.support:support-v4:22.2.0:22:5
MERGED from com.google.android.gms:play-services-maps:7.5.0:29:5
MERGED from com.google.android.gms:play-services-base:7.5.0:20:5
MERGED from com.android.support:support-v4:22.2.0:22:5
MERGED from com.android.support:design:22.2.0:22:5
MERGED from com.android.support:appcompat-v7:22.2.0:22:5
MERGED from com.android.support:support-v4:22.2.0:22:5
MERGED from com.android.support:support-v4:22.2.0:22:5
	android:supportsRtl
		ADDED from AndroidManifest.xml:42:9
	android:label
		ADDED from AndroidManifest.xml:41:9
	android:allowBackup
		ADDED from AndroidManifest.xml:39:9
	android:icon
		ADDED from AndroidManifest.xml:40:9
	android:theme
		ADDED from AndroidManifest.xml:43:9
activity#io.github.kmenager.sunshine.app.MainActivity
ADDED from AndroidManifest.xml:44:9
	android:label
		ADDED from AndroidManifest.xml:46:13
	android:theme
		ADDED from AndroidManifest.xml:47:13
	android:name
		ADDED from AndroidManifest.xml:45:13
intent-filter#android.intent.action.MAIN+android.intent.category.LAUNCHER
ADDED from AndroidManifest.xml:48:13
action#android.intent.action.MAIN
ADDED from AndroidManifest.xml:49:17
	android:name
		ADDED from AndroidManifest.xml:49:25
category#android.intent.category.LAUNCHER
ADDED from AndroidManifest.xml:51:17
	android:name
		ADDED from AndroidManifest.xml:51:27
activity#io.github.kmenager.sunshine.app.DetailActivity
ADDED from AndroidManifest.xml:54:9
	android:label
		ADDED from AndroidManifest.xml:56:13
	android:theme
		ADDED from AndroidManifest.xml:58:13
	android:parentActivityName
		ADDED from AndroidManifest.xml:57:13
	android:name
		ADDED from AndroidManifest.xml:55:13
meta-data#android.support.PARENT_ACTIVITY
ADDED from AndroidManifest.xml:59:13
	android:name
		ADDED from AndroidManifest.xml:60:17
	android:value
		ADDED from AndroidManifest.xml:61:17
activity#io.github.kmenager.sunshine.app.SettingsActivity
ADDED from AndroidManifest.xml:63:9
	android:label
		ADDED from AndroidManifest.xml:65:13
	android:theme
		ADDED from AndroidManifest.xml:67:13
	android:parentActivityName
		ADDED from AndroidManifest.xml:66:13
	android:name
		ADDED from AndroidManifest.xml:64:13
provider#io.github.kmenager.sunshine.app.data.WeatherProvider
ADDED from AndroidManifest.xml:73:9
	android:syncable
		ADDED from AndroidManifest.xml:77:13
	android:exported
		ADDED from AndroidManifest.xml:76:13
	android:authorities
		ADDED from AndroidManifest.xml:75:13
	android:name
		ADDED from AndroidManifest.xml:74:13
service#io.github.kmenager.sunshine.app.sync.SunshineAuthenticatorService
ADDED from AndroidManifest.xml:80:9
	android:name
		ADDED from AndroidManifest.xml:80:18
intent-filter#android.accounts.AccountAuthenticator
ADDED from AndroidManifest.xml:81:13
action#android.accounts.AccountAuthenticator
ADDED from AndroidManifest.xml:82:17
	android:name
		ADDED from AndroidManifest.xml:82:25
meta-data#android.accounts.AccountAuthenticator
ADDED from AndroidManifest.xml:85:13
	android:resource
		ADDED from AndroidManifest.xml:87:17
	android:name
		ADDED from AndroidManifest.xml:86:17
service#io.github.kmenager.sunshine.app.sync.SunshineSyncService
ADDED from AndroidManifest.xml:91:9
	android:exported
		ADDED from AndroidManifest.xml:93:13
	android:name
		ADDED from AndroidManifest.xml:92:13
intent-filter#android.content.SyncAdapter
ADDED from AndroidManifest.xml:94:13
action#android.content.SyncAdapter
ADDED from AndroidManifest.xml:95:17
	android:name
		ADDED from AndroidManifest.xml:95:25
meta-data#android.content.SyncAdapter
ADDED from AndroidManifest.xml:98:13
	android:resource
		ADDED from AndroidManifest.xml:100:17
	android:name
		ADDED from AndroidManifest.xml:99:17
receiver#io.github.kmenager.sunshine.app.GcmBroadcastReceiver
ADDED from AndroidManifest.xml:104:9
	android:permission
		ADDED from AndroidManifest.xml:106:13
	android:name
		ADDED from AndroidManifest.xml:105:13
intent-filter#com.google.android.c2dm.intent.RECEIVE+io.github.kmenager.sunshine.app
ADDED from AndroidManifest.xml:107:13
action#com.google.android.c2dm.intent.RECEIVE
ADDED from AndroidManifest.xml:108:17
	android:name
		ADDED from AndroidManifest.xml:108:25
category#io.github.kmenager.sunshine.app
ADDED from AndroidManifest.xml:109:17
	android:name
		ADDED from AndroidManifest.xml:109:27
receiver#io.github.kmenager.sunshine.app.widget.TodayWidgetProvider
ADDED from AndroidManifest.xml:114:9
	android:label
		ADDED from AndroidManifest.xml:116:13
	android:name
		ADDED from AndroidManifest.xml:115:13
intent-filter#android.appwidget.action.APPWIDGET_UPDATE+io.github.kmenager.sunshine.app.ACTION_DATA_UPDATED
ADDED from AndroidManifest.xml:117:13
action#android.appwidget.action.APPWIDGET_UPDATE
ADDED from AndroidManifest.xml:118:17
	android:name
		ADDED from AndroidManifest.xml:118:25
action#io.github.kmenager.sunshine.app.ACTION_DATA_UPDATED
ADDED from AndroidManifest.xml:119:17
	android:name
		ADDED from AndroidManifest.xml:119:25
meta-data#android.appwidget.provider
ADDED from AndroidManifest.xml:121:13
	android:resource
		ADDED from AndroidManifest.xml:123:17
	android:name
		ADDED from AndroidManifest.xml:122:17
service#io.github.kmenager.sunshine.app.widget.TodayWidgetIntentService
ADDED from AndroidManifest.xml:125:9
	android:name
		ADDED from AndroidManifest.xml:125:18
receiver#io.github.kmenager.sunshine.app.widget.DetailWidgetProvider
ADDED from AndroidManifest.xml:127:9
	android:label
		ADDED from AndroidManifest.xml:130:13
	android:enabled
		ADDED from AndroidManifest.xml:129:13
	android:name
		ADDED from AndroidManifest.xml:128:13
service#io.github.kmenager.sunshine.app.widget.DetailWidgetRemoteViewsService
ADDED from AndroidManifest.xml:140:9
	android:exported
		ADDED from AndroidManifest.xml:143:13
	android:enabled
		ADDED from AndroidManifest.xml:142:13
	android:permission
		ADDED from AndroidManifest.xml:144:13
	android:name
		ADDED from AndroidManifest.xml:141:13
service#io.github.kmenager.sunshine.app.muzei.WeatherMuzeiSource
ADDED from AndroidManifest.xml:146:9
	android:label
		ADDED from AndroidManifest.xml:150:13
	android:icon
		ADDED from AndroidManifest.xml:149:13
	android:description
		ADDED from AndroidManifest.xml:148:13
	android:name
		ADDED from AndroidManifest.xml:147:13
intent-filter#com.google.android.app.puzei.api.MuzeiArtSouce
ADDED from AndroidManifest.xml:152:13
action#com.google.android.app.puzei.api.MuzeiArtSouce
ADDED from AndroidManifest.xml:153:17
	android:name
		ADDED from AndroidManifest.xml:153:25
meta-data#color
ADDED from AndroidManifest.xml:155:13
	android:name
		ADDED from AndroidManifest.xml:155:24
	android:value
		ADDED from AndroidManifest.xml:155:45
service#io.github.kmenager.sunshine.app.FetchAddressIntentService
ADDED from AndroidManifest.xml:158:9
	android:exported
		ADDED from AndroidManifest.xml:160:13
	android:name
		ADDED from AndroidManifest.xml:159:13
meta-data#com.google.android.gms.version
ADDED from AndroidManifest.xml:161:9
MERGED from com.google.android.gms:play-services-base:7.5.0:21:9
MERGED from com.google.android.gms:play-services-base:7.5.0:21:9
MERGED from com.google.android.gms:play-services-base:7.5.0:21:9
	android:name
		ADDED from AndroidManifest.xml:162:13
	android:value
		ADDED from AndroidManifest.xml:163:13
uses-sdk
INJECTED from AndroidManifest.xml:0:0 reason: use-sdk injection requested
MERGED from com.android.support:appcompat-v7:22.2.0:20:5
MERGED from com.android.support:support-v4:22.2.0:20:5
MERGED from com.android.support:gridlayout-v7:22.2.0:20:5
MERGED from com.android.support:support-v4:22.2.0:20:5
MERGED from com.android.support:cardview-v7:22.2.0:20:5
MERGED from com.android.support:recyclerview-v7:22.2.0:20:5
MERGED from com.android.support:support-v4:22.2.0:20:5
MERGED from com.google.android.gms:play-services-gcm:7.5.0:18:5
MERGED from com.google.android.gms:play-services-base:7.5.0:18:5
MERGED from com.android.support:support-v4:22.2.0:20:5
MERGED from com.google.android.gms:play-services-location:7.5.0:18:5
MERGED from com.google.android.gms:play-services-base:7.5.0:18:5
MERGED from com.android.support:support-v4:22.2.0:20:5
MERGED from com.google.android.gms:play-services-maps:7.5.0:28:5
MERGED from com.google.android.gms:play-services-base:7.5.0:18:5
MERGED from com.android.support:support-v4:22.2.0:20:5
MERGED from com.android.support:design:22.2.0:20:5
MERGED from com.android.support:appcompat-v7:22.2.0:20:5
MERGED from com.android.support:support-v4:22.2.0:20:5
MERGED from com.android.support:support-v4:22.2.0:20:5
	android:targetSdkVersion
		INJECTED from AndroidManifest.xml:0:0
		INJECTED from AndroidManifest.xml:0:0
	android:minSdkVersion
		INJECTED from AndroidManifest.xml:0:0
		INJECTED from AndroidManifest.xml:0:0
uses-permission#android.permission.WRITE_EXTERNAL_STORAGE
ADDED from com.google.android.gms:play-services-maps:7.5.0:22:5
	android:name
		ADDED from com.google.android.gms:play-services-maps:7.5.0:22:22
uses-permission#android.permission.ACCESS_COARSE_LOCATION
ADDED from com.google.android.gms:play-services-maps:7.5.0:23:5
	android:name
		ADDED from com.google.android.gms:play-services-maps:7.5.0:23:22
uses-feature#0x00020000
ADDED from com.google.android.gms:play-services-maps:7.5.0:24:5
	android:required
		ADDED from com.google.android.gms:play-services-maps:7.5.0:26:8
	android:glEsVersion
		ADDED from com.google.android.gms:play-services-maps:7.5.0:25:8
android:uses-permission#android.permission.READ_EXTERNAL_STORAGE
IMPLIED from AndroidManifest.xml:17:1 reason: com.google.android.gms.maps requested WRITE_EXTERNAL_STORAGE